         w __deregister_frame_info
         w __register_frame_info
         w userAppExit
         w userAppInit
00000000 00000802 B __ctru_dev_utf16_buf
00000000 a shift
00000000 a shift
00000000 b _TLS_MODULE_BASE_
00000804 00000401 B __ctru_dev_path_buf
00100000 A __start__
00100000 T _start
00100008 T __service_ptr
0010000c T __apt_appid
00100010 T __heap_size
00100014 T __linear_heap_size
00100018 T __system_arglist
0010001c T __system_runflags
00100020 t startup
00100058 t ClearMem
0010006c t ClrLoop
00100094 T _init
001000ac T __aeabi_idiv
001000ac 00000220 T __divsi3
001000b4 t .divsi3_skip_div0_test
001002cc 00000020 T __aeabi_idivmod
001002ec 00000004 W __aeabi_idiv0
001002ec 00000004 W __aeabi_ldiv0
001002f0 T __aeabi_uldivmod
00100348 00000390 T strcmp
001006d0 T __aeabi_uidiv
001006d0 000001ec T __udivsi3
001006d0 t .udivsi3_skip_div0_test
001008bc 00000020 T __aeabi_uidivmod
001008dc T __aeabi_drsub
001008e4 000002b0 T __aeabi_dsub
001008e4 000002b0 T __subdf3
001008e8 000002ac T __adddf3
001008e8 000002ac T __aeabi_dadd
00100b94 00000024 T __aeabi_ui2d
00100b94 00000024 T __floatunsidf
00100bb8 00000028 T __aeabi_i2d
00100bb8 00000028 T __floatsidf
00100be0 00000048 T __aeabi_f2d
00100be0 00000048 T __extendsfdf2
00100c28 00000074 T __aeabi_ul2d
00100c28 00000074 T __floatundidf
00100c3c 00000060 T __aeabi_l2d
00100c3c 00000060 T __floatdidf
00100c9c t __do_global_dtors_aux
00100cdc t frame_dummy
00100d08 0000006c T main
00100d74 000001f4 t parseColor
00100f68 000001ac T consoleDrawChar
00101114 00000124 T consolePrintChar
00101238 00000be4 T con_write
00101e1c 000000fc t newRow
00101f18 00000168 T consoleInit
00102080 000000d0 t gfxPresentFramebuffer
00102150 0000001c T gfxIsWide
0010216c 000000ec T gfxSetScreenFormat
00102258 00000010 T gfxSetDoubleBuffering
00102268 000000e0 T gfxInit
00102348 00000010 T gfxInitDefault
00102358 000000b4 T gfxExit
0010240c 000000a0 T gfxGetFramebuffer
001024ac 00000104 T gfxFlushBuffers
001025b0 00000050 T gfxSwapBuffers
00102600 00000050 T gfxSwapBuffersGpu
00102650 00000c64 t gspHardwareInit
001032b4 00000248 T gspInit
001034fc 000000f0 T gspExit
001035ec 00000010 T gspHasGpuRight
001035fc 000000a0 T gspPresentBuffer
0010369c 00000044 T gspWaitForEvent
001036e0 00000004 W gxCmdQueueInterrupt
001036e4 00000158 t gspEventThreadMain
0010383c 00000050 T GSPGPU_FlushDataCache
0010388c 00000034 T GSPGPU_SetLcdForceBlack
001038c0 00000068 T GSPGPU_AcquireRight
00103928 00000048 T GSPGPU_ReleaseRight
00103970 0000007c T GSPGPU_ImportDisplayCaptureInfo
001039ec 0000002c T GSPGPU_SaveVramSysArea
00103a18 0000002c T GSPGPU_RestoreVramSysArea
00103a44 00000024 W hidShouldUseIrrst
00103a68 0000018c T hidInit
00103bf4 000000e8 T hidExit
00103cdc 000002a4 T hidScanInput
00103f80 00000010 T hidKeysDown
00103f90 000001ac t aptConvertScreenForCapture
0010413c 00000008 W aptDspSleep
00104144 00000004 W aptDspWakeup
00104148 00000004 W aptDspCancel
0010414c 00000158 T aptSendCommand
001042a8 00000044 t aptExitProcess
001042ec 0000038c T aptExit
00104678 000000e0 T aptHandleSleep
00104758 00000084 T APT_SleepIfShellClosed
001047dc 00000084 T aptSetSleepAllowed
00104860 00000084 T APT_UnlockTransition
001048e8 000004a4 t aptEventHandler
00104d8c 000000b0 T APT_ReceiveParameter
00104e3c 000000ac t aptReceiveParameter.constprop.0
00104ee8 000002ac t aptScreenTransfer
00105194 00000320 t aptWaitForWakeUp.isra.0
001054b4 000000f8 T aptJumpToHomeMenu
001055ac 00000048 T aptMainLoop
001055f4 0000022c T aptInit
00105820 0000007c T APT_CheckNew3DS
0010589c 00000038 W __libctru_init
001058d4 00000170 W __system_initArgv
00105a44 T svcControlMemory
00105a64 T svcQueryMemory
00105a94 T svcExitProcess
00105a9c T svcCreateThread
00105abc T svcExitThread
00105ac4 T svcSleepThread
00105acc T svcReleaseMutex
00105ad4 T svcCreateEvent
00105ae8 T svcSignalEvent
00105af0 T svcClearEvent
00105af8 T svcMapMemoryBlock
00105b00 T svcUnmapMemoryBlock
00105b08 T svcCreateAddressArbiter
00105b1c T svcArbitrateAddressNoTimeout
00105b24 T svcCloseHandle
00105b2c T svcWaitSynchronization
00105b34 T svcWaitSynchronizationN
00105b5c T svcDuplicateHandle
00105b70 T svcConnectToPort
00105b84 T svcSendSyncRequest
00105b8c T svcGetResourceLimit
00105ba0 T svcGetResourceLimitLimitValues
00105ba8 T svcGetResourceLimitCurrentValues
00105bb0 T svcBreak
00105bb8 W initSystem
00105c08 W __ctru_exit
00105c20 00000024 t addrMapNodeComparator(rbtree_node const*, rbtree_node const*)
00105c44 00000004 t addrMapNodeDestructor(rbtree_node*)
00105c48 0000024c T vramMemAlignAt
00105e94 0000000c T vramAlloc
00105ea0 00000090 T vramFree
00105f30 00000024 t addrMapNodeComparator(rbtree_node const*, rbtree_node const*)
00105f54 00000004 t addrMapNodeDestructor(rbtree_node*)
00105f58 00000120 T linearMemAlign
00106078 00000008 T linearAlloc
00106080 0000005c T linearFree
001060dc 00000080 T MemPool::CoalesceRight(MemBlock*)
0010615c 0000016c T MemPool::Allocate(MemChunk&, unsigned long, int)
001062c8 000000fc T MemPool::Deallocate(MemChunk const&)
001063c4 00000030 T MemPool::GetFreeSpace()
001063f4 0000000c T __sync_init
00106400 00000018 T __sync_fini
00106418 0000002c T syncArbitrateAddress
00106444 000000ac T LightLock_Lock
001064f0 00000040 T LightLock_Unlock
00106530 00000030 T RecursiveLock_Lock
00106560 00000054 T RecursiveLock_Unlock
001065b4 00000040 T LightEvent_Init
001065f4 000000a4 T LightEvent_Clear
00106698 000000c8 T LightEvent_Signal
00106760 00000050 T LightEvent_TryWait
001067b0 000000a0 T LightEvent_Wait
00106850 00000034 T __ctru_speedup_config
00106884 0000012c T srvInit
001069b0 00000058 T srvExit
00106a08 00000060 T srvEnableNotification
00106a68 000000a0 T srvGetServiceHandleDirect
00106b08 00000038 T srvGetServiceHandle
00106b40 00000034 T srvSubscribe
00106b74 00000060 T srvReceiveNotification
00106bd4 00000038 T srvPublishToSubscriber
00106c0c 000001d8 T threadCreate
00106de4 0000002c T threadFree
00106e10 00000024 T threadJoin
00106e34 00000030 T threadGetCurrent
00106e64 00000040 T threadExit
00106ea4 00000020 t _thread_begin
00106ec4 000000b4 t mappableFindAddressWithin
00106f78 00000028 T mappableInit
00106fa0 00000080 T mappableAlloc
00107020 00000004 T mappableFree
00107024 00000160 T irrstInit
00107184 000000cc T irrstExit
00107250 000000b4 T irrstScanInput
00107304 00000024 T irrstKeysHeld
00107328 0000000c T srvPmGetSessionHandle
00107334 00000074 T ptmSysmInit
001073a8 0000003c T ptmSysmExit
001073e4 00000034 T PTMSYSM_ConfigureNew3DSCPU
00107418 00000010 T rbtree_init
00107428 000001b0 t do_insert
001075d8 00000008 T rbtree_insert
001075e0 00000090 T rbtree_rotate
00107670 00000318 T rbtree_remove
00107988 00000074 T rbtree_find
001079fc 00000030 W __appInit
00107a2c 00000030 T __syscall_getreent
00107a5c 00000004 T __syscall_lock_acquire
00107a60 00000004 T __syscall_lock_release
00107a64 00000004 T __syscall_lock_acquire_recursive
00107a68 00000004 T __syscall_lock_release_recursive
00107a6c 00000004 T __syscall_exit
00107a70 00000050 T initThreadVars
00107ac0 00000080 T __system_initSyscalls
00107b40 000001e0 W __system_allocateHeaps
00107d20 00000030 W __appExit
00107d50 00000090 W __libctru_exit
00107de0 00000084 W envGetHandle
00107e64 00000050 W envDestroyHandles
00107eb4 00000014 t archive_link
00107ec8 00000014 t archive_dirreset
00107edc 00000014 t archive_chmod
00107ef0 00000024 t error_cmp
00107f14 00000050 t archive_translate_error
00107f64 000000c8 t archive_seek
0010802c 0000007c t _archiveInit.part.0
001080a8 000000c4 t archiveFindDevice.part.0
0010816c 00000280 t archive_utf16path
001083ec 0000009c t _archiveUnmountDeviceStruct.part.0
00108488 00000014 t archive_fchmod
0010849c 00000014 t archive_statvfs
001084b0 00000164 t _archiveMountDevice
00108614 000000e8 t archive_diropen
001086fc 000000a4 t archive_fstat
001087a0 0000006c t archive_fsync
0010880c 0000006c t archive_close
00108878 00000070 t archive_dirclose
001088e8 000000e8 t sdmc_statvfs
001089d0 000000ec t archive_chdir
00108abc 0000007c t archive_ftruncate
00108b38 000000ac t archive_read
00108be4 000000a4 t archive_unlink
00108c88 000000bc t archive_rmdir
00108d44 000000dc t archive_mkdir
00108e20 00000194 t archive_stat
00108fb4 00000160 t archive_dirnext
00109114 00000124 t archive_write
00109238 0000020c t archive_open
00109444 00000278 t archive_rename
001096bc 0000019c T archiveMountSdmc
00109858 00000054 T archiveUnmountAll
001098ac 000000cc T fsInit
00109978 0000003c T fsExit
001099b4 00000060 T fsExemptFromSession
00109a14 00000050 T fsUnexemptFromSession
00109a64 000000cc T FSUSER_OpenFile
00109b30 000000bc T FSUSER_DeleteFile
00109bec 000000f8 T FSUSER_RenameFile
00109ce4 000000bc T FSUSER_DeleteDirectory
00109da0 000000d4 T FSUSER_CreateFile
00109e74 000000c4 T FSUSER_CreateDirectory
00109f38 000000f8 T FSUSER_RenameDirectory
0010a030 000000b4 T FSUSER_OpenDirectory
0010a0e4 00000094 T FSUSER_OpenArchive
0010a178 0000008c T FSUSER_CloseArchive
0010a204 00000074 T FSUSER_GetSdmcArchiveResource
0010a278 00000064 T FSUSER_IsSdmcWritable
0010a2dc 00000058 T FSFILE_Read
0010a334 00000060 T FSFILE_Write
0010a394 00000038 T FSFILE_GetSize
0010a3cc 00000028 T FSFILE_SetSize
0010a3f4 0000003c T FSFILE_Close
0010a430 00000024 T FSFILE_Flush
0010a454 00000050 T FSDIR_Read
0010a4a4 0000003c T FSDIR_Close
0010a4e0 0000005c T rbtree_node_next
0010a53c 000000c0 T utf8_to_utf16
0010a5fc 0000013c T decode_utf8
0010a738 000000e8 T utf16_to_utf8
0010a820 T __aeabi_read_tp
0010a82c 00000054 T encode_utf16
0010a880 000000e0 T encode_utf8
0010a960 00000064 T decode_utf16
0010a9c4 00000120 T __udivmoddi4
0010aae4 00000034 T printf
0010ab18 00000020 T memalign
0010ab38 0000014c T _memalign_r
0010ac84 00000078 T bsearch
0010acfc 00000074 T sscanf
0010ad70 00000044 T __sread
0010adb4 00000008 T __seofread
0010adbc 00000068 T __swrite
0010ae24 00000044 T __sseek
0010ae68 00000008 T __sclose
0010ae70 0000025c T setvbuf
0010b0cc 00000004 W __call_exitprocs
0010b0d0 00000030 T exit
0010b100 000000f8 T _malloc_trim_r
0010b1f8 000002e8 T _free_r
0010b4e0 00000018 T malloc
0010b4f8 00000018 T free
0010b510 00000050 t get_arg
0010b560 00002bf8 T __ssvfscanf_r
0010e158 0000079c T _malloc_r
0010e8f4 000000f4 T memset
0010e9e8 0000000c T __malloc_lock
0010e9f4 0000000c T __malloc_unlock
0010ea00 0000064c t get_arg
0010f050 00003378 T _vfprintf_r
001123c8 000000b8 t __sbprintf
00112480 00000090 T strlen
00112510 0000022c T __sflush_r
0011273c 00000094 T _fflush_r
001127d0 000000e4 T strncat
001128b4 000000e4 T strncmp
00112998 00000070 T _fwalk_sglue
00112a08 000000c4 T strncpy
00112acc 0000001c t stdio_exit_handler
00112ae8 0000005c t cleanup_stdio
00112b44 00000154 t global_stdio_init.part.0
00112c98 0000005c T __sinit
00112cf4 0000000c T __sfp_lock_acquire
00112d00 0000000c T __sfp_lock_release
00112d0c 00000048 T strnlen
00112d54 00000064 t sulp
00112db8 000013a4 T _strtod_l
0011415c 0000003c T _strtod_r
00114198 000001b0 t _strtol_l.part.0
00114348 00000060 T _strtol_r
001143a8 00000020 T realloc
001143c8 000001d8 t _strtoul_l.isra.0
001145a0 00000030 T _strtoul_r
001145d0 00000034 T strtoul
00114604 00000024 T __locale_mb_cur_max
00114628 00000024 T _localeconv_r
0011464c 000000e0 T memchr
0011472c 000000f0 T __utf8_wctomb
0011481c 0000011c T memcpy
00114938 000000dc T stpncpy
00114a14 00000084 T __libc_init_array
00114a98 0000003c T __libc_fini_array
00114ad4 0000000c T __errno
00114ae0 00000010 T nan
00114af0 0000000c T nanf
00114b00 00000088 T frexp
00114b88 00000234 t _strtoll_l.isra.0
00114dbc 00000030 T _strtoll_r
00114dec 0000025c t _strtoull_l.isra.0
00115048 00000030 T _strtoull_r
00115078 00000008 T iswspace
00115080 000000b4 T _mbrtowc_r
00115134 0000012c T __smakebuf_r
00115260 0000008c T __swhatbuf_r
001152ec 000000a0 T _wcrtomb_r
0011538c 00000038 T iswspace_l
001153c4 00000028 T _wcsrtombs_r
001153ec 00000064 T sprintf
00115450 000000f0 T __sccl
00115540 00000090 T category
001155d0 0000064c t get_arg
00115c1c 00000030 T __sprint_r
00115c4c 00002304 T _vfiprintf_r
00117f50 000000b8 t __sbprintf
00118008 0000018c T __ssprint_r
00118194 000000e0 T _sungetc_r
00118274 0000006c T __ssrefill_r
001182e0 000000c4 T _sfread_r
001183a4 00000138 T __swsetup_r
001184dc 000000f0 t rshift
001185cc 0000089c T __gethex
00118e68 000001b4 t quorem
00119020 00001218 T _dtoa_r
0011a238 00000130 T strchr
0011a368 00000148 T _fclose_r
0011a4b0 0000064c t get_arg
0011ab00 00003324 T _svfprintf_r
0011de24 0000004c T __match
0011de70 0000029c T __hexnan
0011e10c 00000150 T memmove
0011e25c 00000088 T _Balloc
0011e2e4 0000001c T _Bfree
0011e300 000000f4 T __multadd
0011e3f4 00000110 T __s2b
0011e504 00000060 T __hi0bits
0011e564 0000009c T __lo0bits
0011e600 000000a4 T __i2b
0011e6a4 00000204 T __multiply
0011e8a8 00000128 T __pow5mult
0011e9d0 00000140 T __lshift
0011eb10 00000058 T __mcmp
0011eb68 000001fc T __mdiff
0011ed64 00000068 T __ulp
0011edcc 000000d0 T __b2d
0011ee9c 00000124 T __d2b
0011efc0 00000078 T __ratio
0011f038 00000088 T __copybits
0011f0c0 0000005c T __any_on
0011f11c 000004b4 T __sfvwrite_r
0011f5d0 000004a0 T _realloc_r
0011fa70 000002f8 T __utf8_mbtowc
0011fd68 00000188 T _wcsnrtombs_l
0011fef0 00000064 T _wcsnrtombs_r
0011ff54 000000a8 T __submore
0011fffc 000000c0 T _calloc_r
001200bc 0000005c T __assert_func
00120118 0000003c T fiprintf
00120154 00000014 T abort
00120168 00000090 T _raise_r
001201f8 00000018 T raise
00120210 00000020 T _exit
00120230 0000013c T chdir
0012036c 000001cc T _concatenate_path
00120538 00000078 T _fstat_r
001205b0 00000014 T _getpid_r
001205c4 0000002c T __getreent
001205f0 0000003c T __get_handle
0012062c 000000f4 T _close_r
00120720 00000008 t null_write
00120728 00000018 T setDefaultDevice
00120740 000000c8 T FindDevice
00120808 00000028 T RemoveDevice
00120830 0000009c T AddDevice
001208cc 00000020 T GetDeviceOpTab
001208ec 00000008 T _isatty_r
001208f4 00000014 T _kill_r
00120908 00000084 T _lseek_r
0012098c 00000080 T _read_r
00120a0c 00000078 W _sbrk_r
00120a84 0000001c T __libc_lock_acquire
00120aa0 0000001c T __libc_lock_release
00120abc 0000001c T __libc_lock_acquire_recursive
00120ad8 0000001c T __libc_lock_release_recursive
00120af4 00000080 T _write_r
00120b74 00000038 T __aeabi_d2lz
00120b74 00000038 T __fixdfdi
00120bb0 00000040 T __aeabi_d2ulz
00120bb0 00000040 T __fixunsdfdi
00120bf0 00000048 T strrchr
00120c38 T _fini
00121210 r .LC2
001212dc 00000080 r dotab_stdout
0012135c 00000018 r grayScale
00121374 00000006 r colorCube
0012137c 00000030 r colorTable
001213ac 00000008 r morton_y.2
001213b4 00000008 r morton_x.3
001213bc 00000008 r s_sleepWakeEvents.4
001213c4 R default_font_bin
00121bc4 R default_font_bin_end
00121bc4 00000030 r error_table
00121bf4 00000080 r archive_devoptab
00121cb4 00000022 r basefix.0
00121cd8 00000010 r zeroes.0
00121ce8 00000010 r blanks.1
00121cf8 00000014 r fpinan.0
00121d0c 00000014 r fpi.1
00121d20 00000028 r tinytens
00121d48 00000101 R _ctype_
00121e4c 00003528 r categories
00125374 00000010 r zeroes.0
00125384 00000010 r blanks.1
00125394 0000006c R __action_table
00125400 0000006c R __state_table
0012546c 00000100 R __chclass
0012556c 00000100 R __hexdig
0012566c 00000010 r zeroes.0
0012567c 00000010 r blanks.1
0012568c 0000000c r p05.0
00125698 00000028 R __mprec_bigtens
001256c0 000000c8 R __mprec_tens
00125788 00000080 R dotab_stdnull
00125808 R __tdata_align
0012580c r __EH_FRAME_BEGIN__
0012580c R __exidx_end
0012580c R __exidx_start
00126000 00000001 d firstConsoleInit.0
00126004 00000004 D currentConsole
00126008 00000048 D defaultConsole
00126050 00000004 d kCount
00126054 00000004 d kInterval
00126058 00000004 d kDelay
0012605c 00000004 d aptChainloadDeliverArgSize
00126060 W __stacksize__
00126064 00000004 D __malloc_sbrk_base
00126068 00000004 D __malloc_trim_threshold
00126070 00000408 D __malloc_av_
00126478 0000000c D __sglue
00126484 0000016c D __global_locale
001265f0 00000004 D _impure_ptr
001265f8 00000120 D _impure_data
00126718 00000400 d _current_working_directory
00126b18 00001000 d handles
00127b18 0000000c d __stderr_handle
00127b24 0000000c d __stdout_handle
00127b30 0000000c d __stdin_handle
00127b3c 0000008c D devoptab_list
00127bc8 00000004 d defaultDevice
00127bd4 d _GLOBAL_OFFSET_TABLE_
00127be0 d __frame_dummy_init_array_entry
00127be0 D __init_array_start
00127be0 B __preinit_array_end
00127be0 B __preinit_array_start
00127be0 D __tdata_lma
00127be0 D __tdata_lma_end
00127be4 d __do_global_dtors_aux_fini_array_entry
00127be4 D __fini_array_start
00127be4 D __init_array_end
00127be8 D __bss_start__
00127be8 b completed.1
00127be8 D __fini_array_end
00127bec b object.0
00127c04 00000048 B currentCopy
00127c4c 00000004 b screenAlloc
00127c50 00000004 b screenFree
00127c54 00000002 b gfxIsDoubleBuf
00127c58 00000002 b gfxCurBuf
00127c5a 00000001 b gfxIsVram
00127c5b 00000001 b gfxTopMode
00127c5c 00000002 b gfxFramebufferFormats
00127c60 00000004 b gfxBottomFramebufferMaxSize
00127c64 00000004 b gfxTopFramebufferMaxSize
00127c68 00000008 b gfxBottomFramebuffers
00127c70 00000008 b gfxTopFramebuffers
00127c78 00000007 b gspEventCbOneShot
00127c80 0000001c b gspEventCbData
00127c9c 0000001c b gspEventCb
00127cb8 00000038 b gspEvents
00127cf0 00000004 b gspLastEvent
00127cf4 00000001 b gspRunEvents
00127cf8 00000004 b gspEventThread
00127cfc 00000004 b gspEvent
00127d00 00000001 b gspGpuRight
00127d01 00000001 b gspThreadId
00127d04 00000004 b gspSharedMem
00127d08 00000004 b gspSharedMemHandle
00127d0c 00000004 b gspRefCount
00127d10 00000004 b gspGpuHandle
00127d14 00000001 b usingIrrst
00127d18 00000004 b hidRefCount
00127d1c 00000006 b gRate
00127d24 00000006 b aVec
00127d2c 00000004 b cPos
00127d30 00000004 b tPos
00127d34 00000004 b kRepeat
00127d38 00000004 b kUp
00127d3c 00000004 b kDown
00127d40 00000004 b kHeld
00127d44 00000004 b kOld
00127d48 00000004 B hidSharedMem
00127d4c 00000014 B hidEvents
00127d60 00000004 B hidMemHandle
00127d64 00000004 B hidHandle
00127d68 00000001 b flagValue.0
00127d69 00000001 b flagInit.1
00127d6c 00000004 b serviceName.6
00127d70 00000001 b aptChainloadFlags
00127d71 00000001 b aptChainloadMediatype
00127d74 00000020 b aptChainloadHmac
00127d94 00000300 b aptChainloadDeliverArg
00128098 00000008 b aptChainloadTid
001280a0 00001000 b aptParameters
001290a0 00000004 b aptFlags
001290a4 00000001 b aptHomeButtonState
001290a8 00000004 b aptMessageFuncData
001290ac 00000004 b aptMessageFunc
001290b0 0000000c b aptFirstHook
001290bc 00000001 b aptEventHandlerThreadQuit
001290c0 00000004 b aptEventHandlerThread
001290c4 00000008 b aptSleepEvent
001290cc 00000008 b aptReceiveEvent
001290d4 00000008 b aptEvents
001290dc 00000004 b aptLockHandle
001290e0 00000004 b aptRefCount
001290e4 00000004 B __system_retAddr
001290e8 00000004 B __system_argv
001290ec 00000004 B __system_argc
001290f0 b saved_stack
001290f8 00000008 b sVramPoolB
00129100 00000008 b sVramPoolA
00129108 0000000c b sAddrMap
00129118 00000008 b sLinearPool
00129120 0000000c b sAddrMap
0012912c 00000004 b arbiter
00129130 00000001 V __ctru_speedup
00129134 00000004 B __3dslink_host
00129138 00000004 b srvRefCount
0012913c 00000004 b srvHandle
00129140 00000004 b currentAddr
00129144 00000004 b maxAddr
00129148 00000004 b minAddr
0012914c 00000004 b irrstRefCount
00129150 00000004 b csPos
00129154 00000004 b kHeld
00129158 00000004 B irrstSharedMem
0012915c 00000004 B irrstEvent
00129160 00000004 B irrstMemHandle
00129164 00000004 B irrstHandle
00129168 00000004 b srvPmHandle
0012916c 00000004 b ptmSysmRefCount
00129170 00000004 b ptmSysmHandle
00129174 00000004 V __ctru_linear_heap_size
00129178 00000004 V __ctru_heap_size
0012917c 00000004 B __ctru_linear_heap
00129180 00000004 B __ctru_heap
00129188 000005c0 b archive_devices
00129748 00000004 b archive_device_cwd
0012974c 00000001 b archive_initialized
00129750 00000080 b fsExemptArchives
001297d0 00000004 b fsuRefCount
001297d4 00000004 b fsuHandle
001297d8 00000028 B __malloc_current_mallinfo
00129800 00000004 B __malloc_max_total_mem
00129804 00000004 B __malloc_max_sbrked_mem
00129808 00000004 B __malloc_top_pad
0012980c 0000000c b __malloc_recursive_mutex
00129818 0000000c b __sfp_recursive_mutex
00129828 00000168 B __sf
00129990 00000004 B __stdio_exit_handler
00129994 00000400 b temp_cwd
00129d94 00000004 b __hndl_lock
00129d98 00000004 B fake_heap_start
00129d9c 00000004 B fake_heap_end
00129da0 00000004 b heap_start.0
00129da4 B __tls_start
0012a9ac B __bss_end__
0012a9ac A __end__
0012a9ac B __tls_end
